Loaded 76 events from /Users/chiru/Desktop/Blockchain-Project/data/events.json
Server running on http://localhost:3000
SyntaxError: Invalid or unexpected token in /Users/chiru/Desktop/Blockchain-Project/views/events.ejs while compiling ejs

If the above error is not helpful, you may want to try EJS-Lint:
https://github.com/RyanZim/EJS-Lint
Or, if you meant to create an async function, pass `async: true` as an option.
    at new Function (<anonymous>)
    at Template.compile (/Users/chiru/Desktop/Blockchain-Project/node_modules/ejs/lib/ejs.js:673:12)
    at Object.compile (/Users/chiru/Desktop/Blockchain-Project/node_modules/ejs/lib/ejs.js:398:16)
    at handleCache (/Users/chiru/Desktop/Blockchain-Project/node_modules/ejs/lib/ejs.js:235:18)
    at tryHandleCache (/Users/chiru/Desktop/Blockchain-Project/node_modules/ejs/lib/ejs.js:274:16)
    at exports.renderFile [as engine] (/Users/chiru/Desktop/Blockchain-Project/node_modules/ejs/lib/ejs.js:491:10)
    at View.render (/Users/chiru/Desktop/Blockchain-Project/node_modules/express/lib/view.js:139:8)
    at tryRender (/Users/chiru/Desktop/Blockchain-Project/node_modules/express/lib/application.js:627:10)
    at app.render (/Users/chiru/Desktop/Blockchain-Project/node_modules/express/lib/application.js:574:3)
    at ServerResponse.render (/Users/chiru/Desktop/Blockchain-Project/node_modules/express/lib/response.js:923:7)
SyntaxError: Invalid or unexpected token in /Users/chiru/Desktop/Blockchain-Project/views/events.ejs while compiling ejs

If the above error is not helpful, you may want to try EJS-Lint:
https://github.com/RyanZim/EJS-Lint
Or, if you meant to create an async function, pass `async: true` as an option.
    at new Function (<anonymous>)
    at Template.compile (/Users/chiru/Desktop/Blockchain-Project/node_modules/ejs/lib/ejs.js:673:12)
    at Object.compile (/Users/chiru/Desktop/Blockchain-Project/node_modules/ejs/lib/ejs.js:398:16)
    at handleCache (/Users/chiru/Desktop/Blockchain-Project/node_modules/ejs/lib/ejs.js:235:18)
    at tryHandleCache (/Users/chiru/Desktop/Blockchain-Project/node_modules/ejs/lib/ejs.js:274:16)
    at exports.renderFile [as engine] (/Users/chiru/Desktop/Blockchain-Project/node_modules/ejs/lib/ejs.js:491:10)
    at View.render (/Users/chiru/Desktop/Blockchain-Project/node_modules/express/lib/view.js:139:8)
    at tryRender (/Users/chiru/Desktop/Blockchain-Project/node_modules/express/lib/application.js:627:10)
    at app.render (/Users/chiru/Desktop/Blockchain-Project/node_modules/express/lib/application.js:574:3)
    at ServerResponse.render (/Users/chiru/Desktop/Blockchain-Project/node_modules/express/lib/response.js:923:7)
SyntaxError: Invalid or unexpected token in /Users/chiru/Desktop/Blockchain-Project/views/events.ejs while compiling ejs

If the above error is not helpful, you may want to try EJS-Lint:
https://github.com/RyanZim/EJS-Lint
Or, if you meant to create an async function, pass `async: true` as an option.
    at new Function (<anonymous>)
    at Template.compile (/Users/chiru/Desktop/Blockchain-Project/node_modules/ejs/lib/ejs.js:673:12)
    at Object.compile (/Users/chiru/Desktop/Blockchain-Project/node_modules/ejs/lib/ejs.js:398:16)
    at handleCache (/Users/chiru/Desktop/Blockchain-Project/node_modules/ejs/lib/ejs.js:235:18)
    at tryHandleCache (/Users/chiru/Desktop/Blockchain-Project/node_modules/ejs/lib/ejs.js:274:16)
    at exports.renderFile [as engine] (/Users/chiru/Desktop/Blockchain-Project/node_modules/ejs/lib/ejs.js:491:10)
    at View.render (/Users/chiru/Desktop/Blockchain-Project/node_modules/express/lib/view.js:139:8)
    at tryRender (/Users/chiru/Desktop/Blockchain-Project/node_modules/express/lib/application.js:627:10)
    at app.render (/Users/chiru/Desktop/Blockchain-Project/node_modules/express/lib/application.js:574:3)
    at ServerResponse.render (/Users/chiru/Desktop/Blockchain-Project/node_modules/express/lib/response.js:923:7)
SyntaxError: Invalid or unexpected token in /Users/chiru/Desktop/Blockchain-Project/views/events.ejs while compiling ejs

If the above error is not helpful, you may want to try EJS-Lint:
https://github.com/RyanZim/EJS-Lint
Or, if you meant to create an async function, pass `async: true` as an option.
    at new Function (<anonymous>)
    at Template.compile (/Users/chiru/Desktop/Blockchain-Project/node_modules/ejs/lib/ejs.js:673:12)
    at Object.compile (/Users/chiru/Desktop/Blockchain-Project/node_modules/ejs/lib/ejs.js:398:16)
    at handleCache (/Users/chiru/Desktop/Blockchain-Project/node_modules/ejs/lib/ejs.js:235:18)
    at tryHandleCache (/Users/chiru/Desktop/Blockchain-Project/node_modules/ejs/lib/ejs.js:274:16)
    at exports.renderFile [as engine] (/Users/chiru/Desktop/Blockchain-Project/node_modules/ejs/lib/ejs.js:491:10)
    at View.render (/Users/chiru/Desktop/Blockchain-Project/node_modules/express/lib/view.js:139:8)
    at tryRender (/Users/chiru/Desktop/Blockchain-Project/node_modules/express/lib/application.js:627:10)
    at app.render (/Users/chiru/Desktop/Blockchain-Project/node_modules/express/lib/application.js:574:3)
    at ServerResponse.render (/Users/chiru/Desktop/Blockchain-Project/node_modules/express/lib/response.js:923:7)
SyntaxError: Invalid or unexpected token in /Users/chiru/Desktop/Blockchain-Project/views/events.ejs while compiling ejs

If the above error is not helpful, you may want to try EJS-Lint:
https://github.com/RyanZim/EJS-Lint
Or, if you meant to create an async function, pass `async: true` as an option.
    at new Function (<anonymous>)
    at Template.compile (/Users/chiru/Desktop/Blockchain-Project/node_modules/ejs/lib/ejs.js:673:12)
    at Object.compile (/Users/chiru/Desktop/Blockchain-Project/node_modules/ejs/lib/ejs.js:398:16)
    at handleCache (/Users/chiru/Desktop/Blockchain-Project/node_modules/ejs/lib/ejs.js:235:18)
    at tryHandleCache (/Users/chiru/Desktop/Blockchain-Project/node_modules/ejs/lib/ejs.js:274:16)
    at exports.renderFile [as engine] (/Users/chiru/Desktop/Blockchain-Project/node_modules/ejs/lib/ejs.js:491:10)
    at View.render (/Users/chiru/Desktop/Blockchain-Project/node_modules/express/lib/view.js:139:8)
    at tryRender (/Users/chiru/Desktop/Blockchain-Project/node_modules/express/lib/application.js:627:10)
    at app.render (/Users/chiru/Desktop/Blockchain-Project/node_modules/express/lib/application.js:574:3)
    at ServerResponse.render (/Users/chiru/Desktop/Blockchain-Project/node_modules/express/lib/response.js:923:7)
SyntaxError: Invalid or unexpected token in /Users/chiru/Desktop/Blockchain-Project/views/events.ejs while compiling ejs

If the above error is not helpful, you may want to try EJS-Lint:
https://github.com/RyanZim/EJS-Lint
Or, if you meant to create an async function, pass `async: true` as an option.
    at new Function (<anonymous>)
    at Template.compile (/Users/chiru/Desktop/Blockchain-Project/node_modules/ejs/lib/ejs.js:673:12)
    at Object.compile (/Users/chiru/Desktop/Blockchain-Project/node_modules/ejs/lib/ejs.js:398:16)
    at handleCache (/Users/chiru/Desktop/Blockchain-Project/node_modules/ejs/lib/ejs.js:235:18)
    at tryHandleCache (/Users/chiru/Desktop/Blockchain-Project/node_modules/ejs/lib/ejs.js:274:16)
    at exports.renderFile [as engine] (/Users/chiru/Desktop/Blockchain-Project/node_modules/ejs/lib/ejs.js:491:10)
    at View.render (/Users/chiru/Desktop/Blockchain-Project/node_modules/express/lib/view.js:139:8)
    at tryRender (/Users/chiru/Desktop/Blockchain-Project/node_modules/express/lib/application.js:627:10)
    at app.render (/Users/chiru/Desktop/Blockchain-Project/node_modules/express/lib/application.js:574:3)
    at ServerResponse.render (/Users/chiru/Desktop/Blockchain-Project/node_modules/express/lib/response.js:923:7)
SyntaxError: Invalid or unexpected token in /Users/chiru/Desktop/Blockchain-Project/views/events.ejs while compiling ejs

If the above error is not helpful, you may want to try EJS-Lint:
https://github.com/RyanZim/EJS-Lint
Or, if you meant to create an async function, pass `async: true` as an option.
    at new Function (<anonymous>)
    at Template.compile (/Users/chiru/Desktop/Blockchain-Project/node_modules/ejs/lib/ejs.js:673:12)
    at Object.compile (/Users/chiru/Desktop/Blockchain-Project/node_modules/ejs/lib/ejs.js:398:16)
    at handleCache (/Users/chiru/Desktop/Blockchain-Project/node_modules/ejs/lib/ejs.js:235:18)
    at tryHandleCache (/Users/chiru/Desktop/Blockchain-Project/node_modules/ejs/lib/ejs.js:274:16)
    at exports.renderFile [as engine] (/Users/chiru/Desktop/Blockchain-Project/node_modules/ejs/lib/ejs.js:491:10)
    at View.render (/Users/chiru/Desktop/Blockchain-Project/node_modules/express/lib/view.js:139:8)
    at tryRender (/Users/chiru/Desktop/Blockchain-Project/node_modules/express/lib/application.js:627:10)
    at app.render (/Users/chiru/Desktop/Blockchain-Project/node_modules/express/lib/application.js:574:3)
    at ServerResponse.render (/Users/chiru/Desktop/Blockchain-Project/node_modules/express/lib/response.js:923:7)
SyntaxError: Invalid or unexpected token in /Users/chiru/Desktop/Blockchain-Project/views/events.ejs while compiling ejs

If the above error is not helpful, you may want to try EJS-Lint:
https://github.com/RyanZim/EJS-Lint
Or, if you meant to create an async function, pass `async: true` as an option.
    at new Function (<anonymous>)
    at Template.compile (/Users/chiru/Desktop/Blockchain-Project/node_modules/ejs/lib/ejs.js:673:12)
    at Object.compile (/Users/chiru/Desktop/Blockchain-Project/node_modules/ejs/lib/ejs.js:398:16)
    at handleCache (/Users/chiru/Desktop/Blockchain-Project/node_modules/ejs/lib/ejs.js:235:18)
    at tryHandleCache (/Users/chiru/Desktop/Blockchain-Project/node_modules/ejs/lib/ejs.js:274:16)
    at exports.renderFile [as engine] (/Users/chiru/Desktop/Blockchain-Project/node_modules/ejs/lib/ejs.js:491:10)
    at View.render (/Users/chiru/Desktop/Blockchain-Project/node_modules/express/lib/view.js:139:8)
    at tryRender (/Users/chiru/Desktop/Blockchain-Project/node_modules/express/lib/application.js:627:10)
    at app.render (/Users/chiru/Desktop/Blockchain-Project/node_modules/express/lib/application.js:574:3)
    at ServerResponse.render (/Users/chiru/Desktop/Blockchain-Project/node_modules/express/lib/response.js:923:7)
SyntaxError: Invalid or unexpected token in /Users/chiru/Desktop/Blockchain-Project/views/events.ejs while compiling ejs

If the above error is not helpful, you may want to try EJS-Lint:
https://github.com/RyanZim/EJS-Lint
Or, if you meant to create an async function, pass `async: true` as an option.
    at new Function (<anonymous>)
    at Template.compile (/Users/chiru/Desktop/Blockchain-Project/node_modules/ejs/lib/ejs.js:673:12)
    at Object.compile (/Users/chiru/Desktop/Blockchain-Project/node_modules/ejs/lib/ejs.js:398:16)
    at handleCache (/Users/chiru/Desktop/Blockchain-Project/node_modules/ejs/lib/ejs.js:235:18)
    at tryHandleCache (/Users/chiru/Desktop/Blockchain-Project/node_modules/ejs/lib/ejs.js:274:16)
    at exports.renderFile [as engine] (/Users/chiru/Desktop/Blockchain-Project/node_modules/ejs/lib/ejs.js:491:10)
    at View.render (/Users/chiru/Desktop/Blockchain-Project/node_modules/express/lib/view.js:139:8)
    at tryRender (/Users/chiru/Desktop/Blockchain-Project/node_modules/express/lib/application.js:627:10)
    at app.render (/Users/chiru/Desktop/Blockchain-Project/node_modules/express/lib/application.js:574:3)
    at ServerResponse.render (/Users/chiru/Desktop/Blockchain-Project/node_modules/express/lib/response.js:923:7)
SyntaxError: Invalid or unexpected token in /Users/chiru/Desktop/Blockchain-Project/views/events.ejs while compiling ejs

If the above error is not helpful, you may want to try EJS-Lint:
https://github.com/RyanZim/EJS-Lint
Or, if you meant to create an async function, pass `async: true` as an option.
    at new Function (<anonymous>)
    at Template.compile (/Users/chiru/Desktop/Blockchain-Project/node_modules/ejs/lib/ejs.js:673:12)
    at Object.compile (/Users/chiru/Desktop/Blockchain-Project/node_modules/ejs/lib/ejs.js:398:16)
    at handleCache (/Users/chiru/Desktop/Blockchain-Project/node_modules/ejs/lib/ejs.js:235:18)
    at tryHandleCache (/Users/chiru/Desktop/Blockchain-Project/node_modules/ejs/lib/ejs.js:274:16)
    at exports.renderFile [as engine] (/Users/chiru/Desktop/Blockchain-Project/node_modules/ejs/lib/ejs.js:491:10)
    at View.render (/Users/chiru/Desktop/Blockchain-Project/node_modules/express/lib/view.js:139:8)
    at tryRender (/Users/chiru/Desktop/Blockchain-Project/node_modules/express/lib/application.js:627:10)
    at app.render (/Users/chiru/Desktop/Blockchain-Project/node_modules/express/lib/application.js:574:3)
    at ServerResponse.render (/Users/chiru/Desktop/Blockchain-Project/node_modules/express/lib/response.js:923:7)
SyntaxError: Invalid or unexpected token in /Users/chiru/Desktop/Blockchain-Project/views/events.ejs while compiling ejs

If the above error is not helpful, you may want to try EJS-Lint:
https://github.com/RyanZim/EJS-Lint
Or, if you meant to create an async function, pass `async: true` as an option.
    at new Function (<anonymous>)
    at Template.compile (/Users/chiru/Desktop/Blockchain-Project/node_modules/ejs/lib/ejs.js:673:12)
    at Object.compile (/Users/chiru/Desktop/Blockchain-Project/node_modules/ejs/lib/ejs.js:398:16)
    at handleCache (/Users/chiru/Desktop/Blockchain-Project/node_modules/ejs/lib/ejs.js:235:18)
    at tryHandleCache (/Users/chiru/Desktop/Blockchain-Project/node_modules/ejs/lib/ejs.js:274:16)
    at exports.renderFile [as engine] (/Users/chiru/Desktop/Blockchain-Project/node_modules/ejs/lib/ejs.js:491:10)
    at View.render (/Users/chiru/Desktop/Blockchain-Project/node_modules/express/lib/view.js:139:8)
    at tryRender (/Users/chiru/Desktop/Blockchain-Project/node_modules/express/lib/application.js:627:10)
    at app.render (/Users/chiru/Desktop/Blockchain-Project/node_modules/express/lib/application.js:574:3)
    at ServerResponse.render (/Users/chiru/Desktop/Blockchain-Project/node_modules/express/lib/response.js:923:7)
